<?xml version="1.0" encoding="UTF-8"?>
<testsuite xmlns:xsi="http://www.w3.org/2001/XMLSchema-instance" xsi:noNamespaceSchemaLocation="https://maven.apache.org/surefire/maven-surefire-plugin/xsd/surefire-test-report.xsd" version="3.0.2" name="com.example.newCourse.NewCourseApplicationTests" time="5.47" tests="1" errors="0" skipped="0" failures="0">
  <properties>
[...]
</properties>
  <testcase name="contextLoads" classname="com.example.newCourse.NewCourseApplicationTests" time="0.891">
    <system-out><![CDATA[12:00:57.670 [main] INFO org.springframework.test.context.support.AnnotationConfigContextLoaderUtils -- Could not detect default configuration classes for test class [com.example.newCourse.NewCourseApplicationTests]: NewCourseApplicationTests does not declare any static, non-private, non-final, nested classes annotated with @Configuration.
12:00:57.875 [main] INFO org.springframework.boot.test.context.SpringBootTestContextBootstrapper -- Found @SpringBootConfiguration com.example.newCourse.NewCourseApplication for test class com.example.newCourse.NewCourseApplicationTests
12:00:58.224 [main] INFO org.springframework.boot.devtools.restart.RestartApplicationListener -- Restart disabled due to context in which it is running

  .   ____          _            __ _ _
 /\\ / ___'_ __ _ _(_)_ __  __ _ \ \ \ \
( ( )\___ | '_ | '_| | '_ \/ _` | \ \ \ \
 \\/  ___)| |_)| | | | | || (_| |  ) ) ) )
  '  |____| .__|_| |_|_| |_\__, | / / / /
 =========|_|==============|___/=/_/_/_/

 :: Spring Boot ::                (v3.4.5)

2025-04-27T12:00:58.831+05:30  INFO 6840 --- [newCourse] [           main] c.e.newCourse.NewCourseApplicationTests  : Starting NewCourseApplicationTests using Java 21.0.2 with PID 6840 (started by Hashini in C:\Users\Hashini\Desktop\newCourse)
2025-04-27T12:00:58.831+05:30  INFO 6840 --- [newCourse] [           main] c.e.newCourse.NewCourseApplicationTests  : No active profile set, falling back to 1 default profile: "default"
2025-04-27T12:00:59.917+05:30  INFO 6840 --- [newCourse] [           main] .s.d.r.c.RepositoryConfigurationDelegate : Bootstrapping Spring Data MongoDB repositories in DEFAULT mode.
2025-04-27T12:00:59.997+05:30  INFO 6840 --- [newCourse] [           main] .s.d.r.c.RepositoryConfigurationDelegate : Finished Spring Data repository scanning in 67 ms. Found 1 MongoDB repository interface.
2025-04-27T12:01:00.801+05:30  INFO 6840 --- [newCourse] [           main] org.mongodb.driver.client                : MongoClient with metadata {"application": {"name": "Cluster0"}, "driver": {"name": "mongo-java-driver|sync|spring-boot", "version": "5.2.1"}, "os": {"type": "Windows", "name": "Windows 11", "architecture": "amd64", "version": "10.0"}, "platform": "Java/Oracle Corporation/21.0.2+13-LTS-58"} created with settings MongoClientSettings{readPreference=primary, writeConcern=WriteConcern{w=majority, wTimeout=null ms, journal=null}, retryWrites=true, retryReads=true, readConcern=ReadConcern{level=null}, credential=MongoCredential{mechanism=null, userName='hashitharushika128', source='admin', password=<hidden>, mechanismProperties=<hidden>}, transportSettings=null, commandListeners=[], codecRegistry=ProvidersCodecRegistry{codecProviders=[ValueCodecProvider{}, BsonValueCodecProvider{}, DBRefCodecProvider{}, DBObjectCodecProvider{}, DocumentCodecProvider{}, CollectionCodecProvider{}, IterableCodecProvider{}, MapCodecProvider{}, GeoJsonCodecProvider{}, GridFSFileCodecProvider{}, Jsr310CodecProvider{}, JsonObjectCodecProvider{}, BsonCodecProvider{}, EnumCodecProvider{}, com.mongodb.client.model.mql.ExpressionCodecProvider@1bf14704, com.mongodb.Jep395RecordCodecProvider@5a545b0f, com.mongodb.KotlinCodecProvider@2be21396]}, loggerSettings=LoggerSettings{maxDocumentLength=1000}, clusterSettings={hosts=[127.0.0.1:27017], srvHost=cluster0.wppbgun.mongodb.net, srvServiceName=mongodb, mode=MULTIPLE, requiredClusterType=REPLICA_SET, requiredReplicaSetName='atlas-bwkssz-shard-0', serverSelector='null', clusterListeners='[]', serverSelectionTimeout='30000 ms', localThreshold='15 ms'}, socketSettings=SocketSettings{connectTimeoutMS=10000, readTimeoutMS=0, receiveBufferSize=0, proxySettings=ProxySettings{host=null, port=null, username=null, password=null}}, heartbeatSocketSettings=SocketSettings{connectTimeoutMS=10000, readTimeoutMS=10000, receiveBufferSize=0, proxySettings=ProxySettings{host=null, port=null, username=null, password=null}}, connectionPoolSettings=ConnectionPoolSettings{maxSize=100, minSize=0, maxWaitTimeMS=120000, maxConnectionLifeTimeMS=0, maxConnectionIdleTimeMS=0, maintenanceInitialDelayMS=0, maintenanceFrequencyMS=60000, connectionPoolListeners=[], maxConnecting=2}, serverSettings=ServerSettings{heartbeatFrequencyMS=10000, minHeartbeatFrequencyMS=500, serverMonitoringMode=AUTO, serverListeners='[]', serverMonitorListeners='[]'}, sslSettings=SslSettings{enabled=true, invalidHostNameAllowed=false, context=null}, applicationName='Cluster0', compressorList=[], uuidRepresentation=JAVA_LEGACY, serverApi=null, autoEncryptionSettings=null, dnsClient=null, inetAddressResolver=null, contextProvider=null, timeoutMS=null}
2025-04-27T12:01:01.471+05:30  INFO 6840 --- [newCourse] [           main] o.s.b.a.w.s.WelcomePageHandlerMapping    : Adding welcome page: class path resource [static/index.html]
2025-04-27T12:01:01.538+05:30  INFO 6840 --- [newCourse] [gun.mongodb.net] org.mongodb.driver.cluster               : Adding discovered server ac-nnallro-shard-00-01.wppbgun.mongodb.net:27017 to client view of cluster
2025-04-27T12:01:01.581+05:30  INFO 6840 --- [newCourse] [gun.mongodb.net] org.mongodb.driver.cluster               : Adding discovered server ac-nnallro-shard-00-02.wppbgun.mongodb.net:27017 to client view of cluster
2025-04-27T12:01:01.588+05:30  INFO 6840 --- [newCourse] [gun.mongodb.net] org.mongodb.driver.cluster               : Adding discovered server ac-nnallro-shard-00-00.wppbgun.mongodb.net:27017 to client view of cluster
2025-04-27T12:01:01.939+05:30  INFO 6840 --- [newCourse] [           main] c.e.newCourse.NewCourseApplicationTests  : Started NewCourseApplicationTests in 3.73 seconds (process running for 5.229)
2025-04-27T12:01:02.752+05:30  INFO 6840 --- [newCourse] [ngodb.net:27017] org.mongodb.driver.cluster               : Monitor thread successfully connected to server with description ServerDescription{address=ac-nnallro-shard-00-01.wppbgun.mongodb.net:27017, type=REPLICA_SET_SECONDARY, cryptd=false, state=CONNECTED, ok=true, minWireVersion=0, maxWireVersion=25, maxDocumentSize=16777216, logicalSessionTimeoutMinutes=30, roundTripTimeNanos=776912000, minRoundTripTimeNanos=0, setName='atlas-bwkssz-shard-0', canonicalAddress=ac-nnallro-shard-00-01.wppbgun.mongodb.net:27017, hosts=[ac-nnallro-shard-00-00.wppbgun.mongodb.net:27017, ac-nnallro-shard-00-01.wppbgun.mongodb.net:27017, ac-nnallro-shard-00-02.wppbgun.mongodb.net:27017], passives=[], arbiters=[], primary='ac-nnallro-shard-00-02.wppbgun.mongodb.net:27017', tagSet=TagSet{[Tag{name='availabilityZone', value='aps1-az3'}, Tag{name='diskState', value='READY'}, Tag{name='nodeType', value='ELECTABLE'}, Tag{name='provider', value='AWS'}, Tag{name='region', value='AP_SOUTH_1'}, Tag{name='workloadType', value='OPERATIONAL'}]}, electionId=null, setVersion=301, topologyVersion=TopologyVersion{processId=680dcdbca91216a596134d94, counter=5}, lastWriteDate=Sun Apr 27 12:01:03 IST 2025, lastUpdateTimeNanos=4839580667600}
2025-04-27T12:01:02.752+05:30  INFO 6840 --- [newCourse] [ngodb.net:27017] org.mongodb.driver.cluster               : Monitor thread successfully connected to server with description ServerDescription{address=ac-nnallro-shard-00-02.wppbgun.mongodb.net:27017, type=REPLICA_SET_PRIMARY, cryptd=false, state=CONNECTED, ok=true, minWireVersion=0, maxWireVersion=25, maxDocumentSize=16777216, logicalSessionTimeoutMinutes=30, roundTripTimeNanos=776911900, minRoundTripTimeNanos=0, setName='atlas-bwkssz-shard-0', canonicalAddress=ac-nnallro-shard-00-02.wppbgun.mongodb.net:27017, hosts=[ac-nnallro-shard-00-00.wppbgun.mongodb.net:27017, ac-nnallro-shard-00-01.wppbgun.mongodb.net:27017, ac-nnallro-shard-00-02.wppbgun.mongodb.net:27017], passives=[], arbiters=[], primary='ac-nnallro-shard-00-02.wppbgun.mongodb.net:27017', tagSet=TagSet{[Tag{name='availabilityZone', value='aps1-az2'}, Tag{name='diskState', value='READY'}, Tag{name='nodeType', value='ELECTABLE'}, Tag{name='provider', value='AWS'}, Tag{name='region', value='AP_SOUTH_1'}, Tag{name='workloadType', value='OPERATIONAL'}]}, electionId=7fffffff00000000000000f3, setVersion=301, topologyVersion=TopologyVersion{processId=680dcb79b2bbac551909533d, counter=9}, lastWriteDate=Sun Apr 27 12:01:03 IST 2025, lastUpdateTimeNanos=4839580667500}
2025-04-27T12:01:02.752+05:30  INFO 6840 --- [newCourse] [ngodb.net:27017] org.mongodb.driver.cluster               : Monitor thread successfully connected to server with description ServerDescription{address=ac-nnallro-shard-00-00.wppbgun.mongodb.net:27017, type=REPLICA_SET_SECONDARY, cryptd=false, state=CONNECTED, ok=true, minWireVersion=0, maxWireVersion=25, maxDocumentSize=16777216, logicalSessionTimeoutMinutes=30, roundTripTimeNanos=776912000, minRoundTripTimeNanos=0, setName='atlas-bwkssz-shard-0', canonicalAddress=ac-nnallro-shard-00-00.wppbgun.mongodb.net:27017, hosts=[ac-nnallro-shard-00-00.wppbgun.mongodb.net:27017, ac-nnallro-shard-00-01.wppbgun.mongodb.net:27017, ac-nnallro-shard-00-02.wppbgun.mongodb.net:27017], passives=[], arbiters=[], primary='ac-nnallro-shard-00-02.wppbgun.mongodb.net:27017', tagSet=TagSet{[Tag{name='availabilityZone', value='aps1-az1'}, Tag{name='diskState', value='READY'}, Tag{name='nodeType', value='ELECTABLE'}, Tag{name='provider', value='AWS'}, Tag{name='region', value='AP_SOUTH_1'}, Tag{name='workloadType', value='OPERATIONAL'}]}, electionId=null, setVersion=301, topologyVersion=TopologyVersion{processId=680dcc6c3d7ed5894ea9caac, counter=5}, lastWriteDate=Sun Apr 27 12:01:03 IST 2025, lastUpdateTimeNanos=4839580667500}
2025-04-27T12:01:02.752+05:30  INFO 6840 --- [newCourse] [ngodb.net:27017] org.mongodb.driver.cluster               : Discovered replica set primary ac-nnallro-shard-00-02.wppbgun.mongodb.net:27017 with max election id 7fffffff00000000000000f3 and max set version 301
]]></system-out>
    <system-err><![CDATA[Mockito is currently self-attaching to enable the inline-mock-maker. This will no longer work in future releases of the JDK. Please add Mockito as an agent to your build what is described in Mockito's documentation: https://javadoc.io/doc/org.mockito/mockito-core/latest/org/mockito/Mockito.html#0.3
WARNING: A Java agent has been loaded dynamically (C:\Users\Hashini\.m2\repository\net\bytebuddy\byte-buddy-agent\1.15.11\byte-buddy-agent-1.15.11.jar)
WARNING: If a serviceability tool is in use, please run with -XX:+EnableDynamicAgentLoading to hide this warning
WARNING: If a serviceability tool is not in use, please run with -Djdk.instrument.traceUsage for more information
WARNING: Dynamic loading of agents will be disallowed by default in a future release
]]></system-err>
  </testcase>
</testsuite>